::1 - - [06/Nov/2022:16:50:05 +0000] "GET /api/v1/products HTTP/1.1" 200 91 "-" "PostmanRuntime/7.29.2"
::1 - - [06/Nov/2022:16:50:19 +0000] "POST /api/v1/products HTTP/1.1" 200 32 "-" "PostmanRuntime/7.29.2"
::1 - - [06/Nov/2022:16:50:34 +0000] "POST /api/v1/products HTTP/1.1" 200 32 "-" "PostmanRuntime/7.29.2"
::1 - - [06/Nov/2022:16:50:54 +0000] "POST /api/v1/products HTTP/1.1" 200 32 "-" "PostmanRuntime/7.29.2"
c5879f73-1e1e-4c10-92d3-aef0bee7caec ::1 - - [06/Nov/2022:19:40:30 +0000] "GET /api/v1/products HTTP/1.1" 200 91
29cf6771-8ada-4704-97fd-8341175197a8 ::1 - - [06/Nov/2022:20:38:20 +0000] "POST /api/v1/products HTTP/1.1" 400 44
78d1f996-066e-4378-bd29-762900a87899 ::1 - - [06/Nov/2022:20:39:33 +0000] "POST /api/v1/products HTTP/1.1" 400 44
eb452401-7e9e-4616-a92b-05aa4436a46a ::1 - - [06/Nov/2022:20:41:54 +0000] "POST /api/v1/products HTTP/1.1" 500 68
f8ea5dc0-293e-4ff6-972b-94e593a366b9 ::1 - - [06/Nov/2022:20:42:17 +0000] "POST /api/v1/products HTTP/1.1" 500 70
a37b2574-aac6-4f0d-a14e-61441484e8cc ::1 - - [06/Nov/2022:20:44:14 +0000] "POST /api/v1/products HTTP/1.1" 500 70
6cef3654-a457-4f8f-8186-a70bd0b9f717 ::1 - - [06/Nov/2022:20:45:02 +0000] "POST /api/v1/products HTTP/1.1" 500 70
cc16755a-e4df-407f-bc82-d64a9c6f4acb ::1 - - [06/Nov/2022:20:46:09 +0000] "POST /api/v1/products HTTP/1.1" 500 70
83c4a0ef-7d3a-4f93-b24f-ac9abfecfc51 ::1 - - [06/Nov/2022:20:49:30 +0000] "POST /api/v1/products HTTP/1.1" 500 70
c4636080-001d-481a-8afb-8c8444e96a97 ::1 - - [06/Nov/2022:20:56:01 +0000] "POST /api/v1/products HTTP/1.1" 201 130
cd3bdb08-8240-43d8-9439-66cbdc5a62d5 ::1 - - [06/Nov/2022:20:57:17 +0000] "POST /api/v1/products HTTP/1.1" 201 130
85b69788-18fe-40e8-a3d0-8ac014f6079c ::1 - - [Sun, 06 Nov 2022 21:00:21 GMT] "POST /api/v1/products HTTP/1.1" 201 132
a070f668-5959-4de0-882f-35df2467b234 ::1 - - [Sun, 06 Nov 2022 21:07:40 GMT] "POST /api/v1/products HTTP/1.1" 201 140
298bf95b-6fd7-47e8-84fa-a889327b11f9 ::1 - - [Sun, 06 Nov 2022 21:09:24 GMT] "GET /api/v1/products HTTP/1.1" 200 127
79b5d0e6-77f8-4b4a-ad61-14357edcd6f1 ::1 - - [Sun, 06 Nov 2022 21:10:40 GMT] "GET /api/v1/products HTTP/1.1" 200 142
b263e571-5b7d-4752-8108-b1b5fe09964c ::1 - - [Sun, 06 Nov 2022 21:11:51 GMT] "GET /api/v1/products HTTP/1.1" 200 142
06908d75-7ab7-4dd8-a817-6fe63aba063e ::1 - - [Sun, 06 Nov 2022 21:12:11 GMT] "POST /api/v1/products HTTP/1.1" 201 140
0c5358c2-fa78-43e5-a86f-0d2723deac0c ::1 - - [Sun, 06 Nov 2022 21:12:15 GMT] "GET /api/v1/products HTTP/1.1" 200 259
19929664-463c-4931-a190-ae2925f29e5b ::1 - - [Sun, 06 Nov 2022 21:18:13 GMT] "GET /api/v1/products HTTP/1.1" 200 259
d36febb3-6b67-47b0-a7b2-e7b4d8d8d457 ::1 - - [Sun, 06 Nov 2022 21:18:19 GMT] "GET /api/v1/products HTTP/1.1" 200 259
